TN:
SF:src/core/entities/Task.ts
FN:15,(anonymous_0)
FN:40,(anonymous_1)
FN:44,(anonymous_2)
FN:48,(anonymous_3)
FN:52,(anonymous_4)
FN:56,(anonymous_5)
FN:60,(anonymous_6)
FN:64,(anonymous_7)
FN:68,(anonymous_8)
FN:73,(anonymous_9)
FN:81,(anonymous_10)
FN:86,(anonymous_11)
FN:91,(anonymous_12)
FN:96,(anonymous_13)
FNF:14
FNH:14
FNDA:10,(anonymous_0)
FNDA:1,(anonymous_1)
FNDA:2,(anonymous_2)
FNDA:2,(anonymous_3)
FNDA:2,(anonymous_4)
FNDA:1,(anonymous_5)
FNDA:3,(anonymous_6)
FNDA:1,(anonymous_7)
FNDA:3,(anonymous_8)
FNDA:3,(anonymous_9)
FNDA:1,(anonymous_10)
FNDA:1,(anonymous_11)
FNDA:2,(anonymous_12)
FNDA:1,(anonymous_13)
DA:1,1
DA:5,1
DA:21,10
DA:22,1
DA:24,9
DA:25,1
DA:28,8
DA:30,8
DA:31,8
DA:32,8
DA:33,8
DA:34,8
DA:35,8
DA:36,8
DA:41,1
DA:45,2
DA:49,2
DA:53,2
DA:57,1
DA:61,3
DA:65,1
DA:69,3
DA:74,3
DA:75,1
DA:77,2
DA:78,2
DA:82,1
DA:83,1
DA:87,1
DA:88,1
DA:92,2
DA:93,2
DA:97,1
DA:98,1
LF:34
LH:34
BRDA:21,0,0,1
BRDA:24,1,0,1
BRDA:74,2,0,1
BRF:3
BRH:3
end_of_record
TN:
SF:src/core/entities/User.ts
FN:14,(anonymous_0)
FN:37,(anonymous_1)
FN:41,(anonymous_2)
FN:45,(anonymous_3)
FN:49,(anonymous_4)
FN:53,(anonymous_5)
FNF:6
FNH:6
FNDA:2,(anonymous_0)
FNDA:1,(anonymous_1)
FNDA:1,(anonymous_2)
FNDA:1,(anonymous_3)
FNDA:1,(anonymous_4)
FNDA:1,(anonymous_5)
DA:2,1
DA:3,1
DA:5,1
DA:16,2
DA:17,1
DA:20,1
DA:21,0
DA:24,1
DA:25,0
DA:28,1
DA:29,1
DA:30,1
DA:31,1
DA:32,1
DA:38,1
DA:42,1
DA:46,1
DA:50,1
DA:54,1
LF:19
LH:17
BRDA:16,0,0,1
BRDA:20,1,0,0
BRDA:24,2,0,0
BRF:3
BRH:1
end_of_record
TN:
SF:src/core/errors/UserValidationError.ts
FN:2,(anonymous_0)
FNF:1
FNH:1
FNDA:1,(anonymous_0)
DA:1,1
DA:3,1
DA:4,1
LF:3
LH:3
BRF:0
BRH:0
end_of_record
TN:
SF:src/core/interfaces/ITask.ts
FN:16,(anonymous_0)
FNF:1
FNH:1
FNDA:1,(anonymous_0)
DA:16,1
DA:17,1
DA:18,1
DA:19,1
DA:20,1
LF:5
LH:5
BRDA:16,0,0,1
BRDA:16,0,1,1
BRF:2
BRH:2
end_of_record
TN:
SF:src/utils/validation.ts
FN:2,(anonymous_0)
FN:7,(anonymous_1)
FNF:2
FNH:2
FNDA:2,(anonymous_0)
FNDA:1,(anonymous_1)
DA:1,1
DA:3,2
DA:4,2
DA:9,1
LF:4
LH:4
BRDA:9,0,0,1
BRDA:9,0,1,1
BRDA:9,0,2,1
BRDA:9,0,3,1
BRF:4
BRH:4
end_of_record
